2025-11-05T18:00:59Z;import_ops_csv;ERR;9.739s
2025-11-05T18:01:19Z;export_ops_csv;OK;3.72s
2025-11-05T18:01:32Z;import_ops_csv;ERR;7.649s
2025-11-05T18:05:38Z;import_ops_csv;ERR;4.962s
2025-11-05T18:08:40Z;add_income;OK;4.983s
2025-11-05T18:08:44Z;summary_30d;OK;1ms
2025-11-05T18:08:53Z;import_ops_csv;OK;3.966s
2025-11-05T20:38:40Z;add_income;OK;3.675s
2025-11-05T20:38:51Z;add_expense;OK;5.054s
2025-11-05T20:39:08Z;edit_op_30d;OK;12.5s
2025-11-05T20:39:20Z;delete_op_30d;OK;4.838s
2025-11-05T20:39:26Z;list_ops_30d;OK;2ms
2025-11-05T20:39:30Z;summary_30d;OK;3ms
2025-11-05T20:39:36Z;summary_cat_30d;OK;4ms
2025-11-05T20:39:46Z;summary_cat_period;OK;1.336s
2025-11-05T20:39:55Z;export_ops_csv;OK;3.194s
2025-11-05T20:40:07Z;import_ops_csv;ERR;7.111s
2025-11-05T20:40:22Z;import_ops_csv;OK;4.733s
2025-11-05T20:40:40Z;add_category;OK;10.815s
2025-11-05T20:40:45Z;list_categories;OK;1ms
2025-11-05T20:40:56Z;rename_category;OK;5.655s
2025-11-05T20:41:06Z;delete_category;OK;5.803s
2025-11-05T20:41:14Z;delete_category;OK;1.803s
2025-11-05T20:41:19Z;list_accounts;OK;1ms
2025-11-05T20:41:31Z;rename_account;OK;3.104s
2025-11-05T20:41:34Z;list_accounts;OK;1ms
2025-11-05T20:41:51Z;create_account;OK;6.762s
2025-11-05T20:41:56Z;list_accounts;OK;1ms
2025-11-05T20:42:04Z;rename_account;OK;2.787s
2025-11-05T20:42:08Z;list_accounts;OK;2ms
